[I 2021-05-19 11:07:56,857] Trial 22 finished with values: [0.98046875, 0.9746850518574283] with parameters: {'intent_hidden_size': 133, 'idropout1': 0.3345904761635837, 'idropout2': 0.2096609772093685, 'sdropout': 0.42371063428550776}.
Some weights of the model checkpoint at distilbert-base-multilingual-cased were not used when initializing DistilBertModel: ['vocab_projector.weight', 'vocab_layer_norm.bias', 'vocab_transform.weight', 'vocab_transform.bias', 'vocab_layer_norm.weight', 'vocab_projector.bias']
- This IS expected if you are initializing DistilBertModel from the checkpoint of a model trained on another task or with another architecture (e.g. initializing a BertForSequenceClassification model from a BertForPreTraining model).
- This IS NOT expected if you are initializing DistilBertModel from the checkpoint of a model that you expect to be exactly identical (initializing a BertForSequenceClassification model from a BertForSequenceClassification model).
[I 2021-05-19 11:12:30,010] Trial 23 finished with values: [0.986328125, 0.9723035157169332] with parameters: {'intent_hidden_size': 197, 'idropout1': 0.487912046643479, 'idropout2': 0.36904096577874035, 'sdropout': 0.33936302135628404}.
Some weights of the model checkpoint at distilbert-base-multilingual-cased were not used when initializing DistilBertModel: ['vocab_projector.weight', 'vocab_layer_norm.bias', 'vocab_transform.weight', 'vocab_transform.bias', 'vocab_layer_norm.weight', 'vocab_projector.bias']
- This IS expected if you are initializing DistilBertModel from the checkpoint of a model trained on another task or with another architecture (e.g. initializing a BertForSequenceClassification model from a BertForPreTraining model).
- This IS NOT expected if you are initializing DistilBertModel from the checkpoint of a model that you expect to be exactly identical (initializing a BertForSequenceClassification model from a BertForSequenceClassification model).
[I 2021-05-19 11:17:03,552] Trial 24 finished with values: [0.982421875, 0.9726859744464276] with parameters: {'intent_hidden_size': 178, 'idropout1': 0.43378314733072554, 'idropout2': 0.3346248005162872, 'sdropout': 0.3879218180943504}.
Some weights of the model checkpoint at distilbert-base-multilingual-cased were not used when initializing DistilBertModel: ['vocab_projector.weight', 'vocab_layer_norm.bias', 'vocab_transform.weight', 'vocab_transform.bias', 'vocab_layer_norm.weight', 'vocab_projector.bias']
- This IS expected if you are initializing DistilBertModel from the checkpoint of a model trained on another task or with another architecture (e.g. initializing a BertForSequenceClassification model from a BertForPreTraining model).
- This IS NOT expected if you are initializing DistilBertModel from the checkpoint of a model that you expect to be exactly identical (initializing a BertForSequenceClassification model from a BertForSequenceClassification model).
[I 2021-05-19 11:21:37,080] Trial 25 finished with values: [0.98046875, 0.9652776655615923] with parameters: {'intent_hidden_size': 201, 'idropout1': 0.3536547903023157, 'idropout2': 0.25529224752468344, 'sdropout': 0.24383754245851683}.
Some weights of the model checkpoint at distilbert-base-multilingual-cased were not used when initializing DistilBertModel: ['vocab_projector.weight', 'vocab_layer_norm.bias', 'vocab_transform.weight', 'vocab_transform.bias', 'vocab_layer_norm.weight', 'vocab_projector.bias']
- This IS expected if you are initializing DistilBertModel from the checkpoint of a model trained on another task or with another architecture (e.g. initializing a BertForSequenceClassification model from a BertForPreTraining model).
- This IS NOT expected if you are initializing DistilBertModel from the checkpoint of a model that you expect to be exactly identical (initializing a BertForSequenceClassification model from a BertForSequenceClassification model).
[I 2021-05-19 11:26:10,530] Trial 26 finished with values: [0.9735863208770752, 0.9706888274646225] with parameters: {'intent_hidden_size': 446, 'idropout1': 0.32836620383114623, 'idropout2': 0.3526269700717416, 'sdropout': 0.3161084481427309}.
Some weights of the model checkpoint at distilbert-base-multilingual-cased were not used when initializing DistilBertModel: ['vocab_projector.weight', 'vocab_layer_norm.bias', 'vocab_transform.weight', 'vocab_transform.bias', 'vocab_layer_norm.weight', 'vocab_projector.bias']
- This IS expected if you are initializing DistilBertModel from the checkpoint of a model trained on another task or with another architecture (e.g. initializing a BertForSequenceClassification model from a BertForPreTraining model).
- This IS NOT expected if you are initializing DistilBertModel from the checkpoint of a model that you expect to be exactly identical (initializing a BertForSequenceClassification model from a BertForSequenceClassification model).
[I 2021-05-19 11:30:44,149] Trial 27 finished with values: [0.98046875, 0.9758119993343567] with parameters: {'intent_hidden_size': 459, 'idropout1': 0.21202241683053522, 'idropout2': 0.3254058655269654, 'sdropout': 0.23802109160237633}.
Some weights of the model checkpoint at distilbert-base-multilingual-cased were not used when initializing DistilBertModel: ['vocab_projector.weight', 'vocab_layer_norm.bias', 'vocab_transform.weight', 'vocab_transform.bias', 'vocab_layer_norm.weight', 'vocab_projector.bias']
- This IS expected if you are initializing DistilBertModel from the checkpoint of a model trained on another task or with another architecture (e.g. initializing a BertForSequenceClassification model from a BertForPreTraining model).
- This IS NOT expected if you are initializing DistilBertModel from the checkpoint of a model that you expect to be exactly identical (initializing a BertForSequenceClassification model from a BertForSequenceClassification model).
[I 2021-05-19 11:35:17,671] Trial 28 finished with values: [0.9794456958770752, 0.9701623888893618] with parameters: {'intent_hidden_size': 196, 'idropout1': 0.30817252015679575, 'idropout2': 0.39956603625649434, 'sdropout': 0.4960354984222794}.
Some weights of the model checkpoint at distilbert-base-multilingual-cased were not used when initializing DistilBertModel: ['vocab_projector.weight', 'vocab_layer_norm.bias', 'vocab_transform.weight', 'vocab_transform.bias', 'vocab_layer_norm.weight', 'vocab_projector.bias']
- This IS expected if you are initializing DistilBertModel from the checkpoint of a model trained on another task or with another architecture (e.g. initializing a BertForSequenceClassification model from a BertForPreTraining model).
- This IS NOT expected if you are initializing DistilBertModel from the checkpoint of a model that you expect to be exactly identical (initializing a BertForSequenceClassification model from a BertForSequenceClassification model).
[I 2021-05-19 11:39:51,596] Trial 29 finished with values: [0.978515625, 0.9728790052116542] with parameters: {'intent_hidden_size': 440, 'idropout1': 0.4589037838772242, 'idropout2': 0.40526590065183377, 'sdropout': 0.2682049069208585}.
Some weights of the model checkpoint at distilbert-base-multilingual-cased were not used when initializing DistilBertModel: ['vocab_projector.weight', 'vocab_layer_norm.bias', 'vocab_transform.weight', 'vocab_transform.bias', 'vocab_layer_norm.weight', 'vocab_projector.bias']
- This IS expected if you are initializing DistilBertModel from the checkpoint of a model trained on another task or with another architecture (e.g. initializing a BertForSequenceClassification model from a BertForPreTraining model).
- This IS NOT expected if you are initializing DistilBertModel from the checkpoint of a model that you expect to be exactly identical (initializing a BertForSequenceClassification model from a BertForSequenceClassification model).
[I 2021-05-19 11:44:25,493] Trial 30 finished with values: [0.98046875, 0.9715529887949981] with parameters: {'intent_hidden_size': 271, 'idropout1': 0.36747052449123163, 'idropout2': 0.26311512924462066, 'sdropout': 0.38969867574312245}.
Some weights of the model checkpoint at distilbert-base-multilingual-cased were not used when initializing DistilBertModel: ['vocab_projector.weight', 'vocab_layer_norm.bias', 'vocab_transform.weight', 'vocab_transform.bias', 'vocab_layer_norm.weight', 'vocab_projector.bias']
- This IS expected if you are initializing DistilBertModel from the checkpoint of a model trained on another task or with another architecture (e.g. initializing a BertForSequenceClassification model from a BertForPreTraining model).
- This IS NOT expected if you are initializing DistilBertModel from the checkpoint of a model that you expect to be exactly identical (initializing a BertForSequenceClassification model from a BertForSequenceClassification model).
[I 2021-05-19 11:48:59,685] Trial 31 finished with values: [0.978515625, 0.9702942609260578] with parameters: {'intent_hidden_size': 401, 'idropout1': 0.3250088108975777, 'idropout2': 0.4746362661300346, 'sdropout': 0.4980937854263647}.
Some weights of the model checkpoint at distilbert-base-multilingual-cased were not used when initializing DistilBertModel: ['vocab_projector.weight', 'vocab_layer_norm.bias', 'vocab_transform.weight', 'vocab_transform.bias', 'vocab_layer_norm.weight', 'vocab_projector.bias']
- This IS expected if you are initializing DistilBertModel from the checkpoint of a model trained on another task or with another architecture (e.g. initializing a BertForSequenceClassification model from a BertForPreTraining model).
- This IS NOT expected if you are initializing DistilBertModel from the checkpoint of a model that you expect to be exactly identical (initializing a BertForSequenceClassification model from a BertForSequenceClassification model).
[I 2021-05-19 11:53:33,618] Trial 32 finished with values: [0.978515625, 0.9712642664482377] with parameters: {'intent_hidden_size': 173, 'idropout1': 0.32527441332242485, 'idropout2': 0.3257459416604468, 'sdropout': 0.3825813633731512}.
Some weights of the model checkpoint at distilbert-base-multilingual-cased were not used when initializing DistilBertModel: ['vocab_projector.weight', 'vocab_layer_norm.bias', 'vocab_transform.weight', 'vocab_transform.bias', 'vocab_layer_norm.weight', 'vocab_projector.bias']
- This IS expected if you are initializing DistilBertModel from the checkpoint of a model trained on another task or with another architecture (e.g. initializing a BertForSequenceClassification model from a BertForPreTraining model).
- This IS NOT expected if you are initializing DistilBertModel from the checkpoint of a model that you expect to be exactly identical (initializing a BertForSequenceClassification model from a BertForSequenceClassification model).
[I 2021-05-19 11:58:07,548] Trial 33 finished with values: [0.978515625, 0.9744484157378417] with parameters: {'intent_hidden_size': 465, 'idropout1': 0.21316499740964884, 'idropout2': 0.2980435676431307, 'sdropout': 0.20103405682388523}.
Some weights of the model checkpoint at distilbert-base-multilingual-cased were not used when initializing DistilBertModel: ['vocab_projector.weight', 'vocab_layer_norm.bias', 'vocab_transform.weight', 'vocab_transform.bias', 'vocab_layer_norm.weight', 'vocab_projector.bias']
- This IS expected if you are initializing DistilBertModel from the checkpoint of a model trained on another task or with another architecture (e.g. initializing a BertForSequenceClassification model from a BertForPreTraining model).
- This IS NOT expected if you are initializing DistilBertModel from the checkpoint of a model that you expect to be exactly identical (initializing a BertForSequenceClassification model from a BertForSequenceClassification model).
[I 2021-05-19 12:02:41,628] Trial 34 finished with values: [0.974609375, 0.9719461161095828] with parameters: {'intent_hidden_size': 257, 'idropout1': 0.491765543238285, 'idropout2': 0.41492267848844006, 'sdropout': 0.2910548914205987}.
Some weights of the model checkpoint at distilbert-base-multilingual-cased were not used when initializing DistilBertModel: ['vocab_projector.weight', 'vocab_layer_norm.bias', 'vocab_transform.weight', 'vocab_transform.bias', 'vocab_layer_norm.weight', 'vocab_projector.bias']
- This IS expected if you are initializing DistilBertModel from the checkpoint of a model trained on another task or with another architecture (e.g. initializing a BertForSequenceClassification model from a BertForPreTraining model).
- This IS NOT expected if you are initializing DistilBertModel from the checkpoint of a model that you expect to be exactly identical (initializing a BertForSequenceClassification model from a BertForSequenceClassification model).
[I 2021-05-19 12:07:15,562] Trial 35 finished with values: [0.98046875, 0.9764386720413462] with parameters: {'intent_hidden_size': 144, 'idropout1': 0.335724156315227, 'idropout2': 0.4889559235263547, 'sdropout': 0.27067579552964666}.
Some weights of the model checkpoint at distilbert-base-multilingual-cased were not used when initializing DistilBertModel: ['vocab_projector.weight', 'vocab_layer_norm.bias', 'vocab_transform.weight', 'vocab_transform.bias', 'vocab_layer_norm.weight', 'vocab_projector.bias']
- This IS expected if you are initializing DistilBertModel from the checkpoint of a model trained on another task or with another architecture (e.g. initializing a BertForSequenceClassification model from a BertForPreTraining model).
- This IS NOT expected if you are initializing DistilBertModel from the checkpoint of a model that you expect to be exactly identical (initializing a BertForSequenceClassification model from a BertForSequenceClassification model).
[I 2021-05-19 12:11:49,504] Trial 36 finished with values: [0.982421875, 0.9704729963257853] with parameters: {'intent_hidden_size': 120, 'idropout1': 0.37869284934111846, 'idropout2': 0.23307920337150034, 'sdropout': 0.30270465143508035}.
Some weights of the model checkpoint at distilbert-base-multilingual-cased were not used when initializing DistilBertModel: ['vocab_projector.weight', 'vocab_layer_norm.bias', 'vocab_transform.weight', 'vocab_transform.bias', 'vocab_layer_norm.weight', 'vocab_projector.bias']
- This IS expected if you are initializing DistilBertModel from the checkpoint of a model trained on another task or with another architecture (e.g. initializing a BertForSequenceClassification model from a BertForPreTraining model).
- This IS NOT expected if you are initializing DistilBertModel from the checkpoint of a model that you expect to be exactly identical (initializing a BertForSequenceClassification model from a BertForSequenceClassification model).
[I 2021-05-19 12:16:23,694] Trial 37 finished with values: [0.98046875, 0.9690254415368972] with parameters: {'intent_hidden_size': 387, 'idropout1': 0.4878990396007035, 'idropout2': 0.30656183481330407, 'sdropout': 0.350431847333585}.
Some weights of the model checkpoint at distilbert-base-multilingual-cased were not used when initializing DistilBertModel: ['vocab_projector.weight', 'vocab_layer_norm.bias', 'vocab_transform.weight', 'vocab_transform.bias', 'vocab_layer_norm.weight', 'vocab_projector.bias']
- This IS expected if you are initializing DistilBertModel from the checkpoint of a model trained on another task or with another architecture (e.g. initializing a BertForSequenceClassification model from a BertForPreTraining model).
- This IS NOT expected if you are initializing DistilBertModel from the checkpoint of a model that you expect to be exactly identical (initializing a BertForSequenceClassification model from a BertForSequenceClassification model).
[I 2021-05-19 12:20:57,698] Trial 38 finished with values: [0.982421875, 0.9755083936490355] with parameters: {'intent_hidden_size': 340, 'idropout1': 0.4468057899128303, 'idropout2': 0.32495911677651623, 'sdropout': 0.23567477678323073}.
Some weights of the model checkpoint at distilbert-base-multilingual-cased were not used when initializing DistilBertModel: ['vocab_projector.weight', 'vocab_layer_norm.bias', 'vocab_transform.weight', 'vocab_transform.bias', 'vocab_layer_norm.weight', 'vocab_projector.bias']
- This IS expected if you are initializing DistilBertModel from the checkpoint of a model trained on another task or with another architecture (e.g. initializing a BertForSequenceClassification model from a BertForPreTraining model).
- This IS NOT expected if you are initializing DistilBertModel from the checkpoint of a model that you expect to be exactly identical (initializing a BertForSequenceClassification model from a BertForSequenceClassification model).
[I 2021-05-19 12:25:32,030] Trial 39 finished with values: [0.982421875, 0.9731696464130926] with parameters: {'intent_hidden_size': 245, 'idropout1': 0.24393013245187334, 'idropout2': 0.4169361503728183, 'sdropout': 0.49742857736337476}.
Some weights of the model checkpoint at distilbert-base-multilingual-cased were not used when initializing DistilBertModel: ['vocab_projector.weight', 'vocab_layer_norm.bias', 'vocab_transform.weight', 'vocab_transform.bias', 'vocab_layer_norm.weight', 'vocab_projector.bias']
- This IS expected if you are initializing DistilBertModel from the checkpoint of a model trained on another task or with another architecture (e.g. initializing a BertForSequenceClassification model from a BertForPreTraining model).
- This IS NOT expected if you are initializing DistilBertModel from the checkpoint of a model that you expect to be exactly identical (initializing a BertForSequenceClassification model from a BertForSequenceClassification model).
[I 2021-05-19 12:30:06,742] Trial 40 finished with values: [0.986328125, 0.9770678253232402] with parameters: {'intent_hidden_size': 90, 'idropout1': 0.3742511688366331, 'idropout2': 0.4907499594086448, 'sdropout': 0.4103913444544801}.
Some weights of the model checkpoint at distilbert-base-multilingual-cased were not used when initializing DistilBertModel: ['vocab_projector.weight', 'vocab_layer_norm.bias', 'vocab_transform.weight', 'vocab_transform.bias', 'vocab_layer_norm.weight', 'vocab_projector.bias']
- This IS expected if you are initializing DistilBertModel from the checkpoint of a model trained on another task or with another architecture (e.g. initializing a BertForSequenceClassification model from a BertForPreTraining model).
- This IS NOT expected if you are initializing DistilBertModel from the checkpoint of a model that you expect to be exactly identical (initializing a BertForSequenceClassification model from a BertForSequenceClassification model).
[I 2021-05-19 12:34:41,196] Trial 41 finished with values: [0.978515625, 0.9709176260015431] with parameters: {'intent_hidden_size': 156, 'idropout1': 0.4867710077719297, 'idropout2': 0.21092668170312742, 'sdropout': 0.49701874262944}.
Some weights of the model checkpoint at distilbert-base-multilingual-cased were not used when initializing DistilBertModel: ['vocab_projector.weight', 'vocab_layer_norm.bias', 'vocab_transform.weight', 'vocab_transform.bias', 'vocab_layer_norm.weight', 'vocab_projector.bias']
- This IS expected if you are initializing DistilBertModel from the checkpoint of a model trained on another task or with another architecture (e.g. initializing a BertForSequenceClassification model from a BertForPreTraining model).
- This IS NOT expected if you are initializing DistilBertModel from the checkpoint of a model that you expect to be exactly identical (initializing a BertForSequenceClassification model from a BertForSequenceClassification model).
[I 2021-05-19 12:39:15,720] Trial 42 finished with values: [0.98046875, 0.9671107041792637] with parameters: {'intent_hidden_size': 457, 'idropout1': 0.4438841894969706, 'idropout2': 0.3492178151384683, 'sdropout': 0.3123053990203203}.
Some weights of the model checkpoint at distilbert-base-multilingual-cased were not used when initializing DistilBertModel: ['vocab_projector.weight', 'vocab_layer_norm.bias', 'vocab_transform.weight', 'vocab_transform.bias', 'vocab_layer_norm.weight', 'vocab_projector.bias']
- This IS expected if you are initializing DistilBertModel from the checkpoint of a model trained on another task or with another architecture (e.g. initializing a BertForSequenceClassification model from a BertForPreTraining model).
- This IS NOT expected if you are initializing DistilBertModel from the checkpoint of a model that you expect to be exactly identical (initializing a BertForSequenceClassification model from a BertForSequenceClassification model).
[I 2021-05-19 12:43:50,284] Trial 43 finished with values: [0.986328125, 0.9733912928709054] with parameters: {'intent_hidden_size': 65, 'idropout1': 0.4172353086462835, 'idropout2': 0.438475224205393, 'sdropout': 0.4538854419957937}.
Some weights of the model checkpoint at distilbert-base-multilingual-cased were not used when initializing DistilBertModel: ['vocab_projector.weight', 'vocab_layer_norm.bias', 'vocab_transform.weight', 'vocab_transform.bias', 'vocab_layer_norm.weight', 'vocab_projector.bias']
- This IS expected if you are initializing DistilBertModel from the checkpoint of a model trained on another task or with another architecture (e.g. initializing a BertForSequenceClassification model from a BertForPreTraining model).
- This IS NOT expected if you are initializing DistilBertModel from the checkpoint of a model that you expect to be exactly identical (initializing a BertForSequenceClassification model from a BertForSequenceClassification model).
