[I 2021-05-19 12:48:25,145] Trial 44 finished with values: [0.9813988208770752, 0.9758018711508192] with parameters: {'intent_hidden_size': 157, 'idropout1': 0.2732688463877468, 'idropout2': 0.2646170092878553, 'sdropout': 0.3448155572897835}.
Some weights of the model checkpoint at distilbert-base-multilingual-cased were not used when initializing DistilBertModel: ['vocab_projector.weight', 'vocab_layer_norm.bias', 'vocab_transform.weight', 'vocab_transform.bias', 'vocab_layer_norm.weight', 'vocab_projector.bias']
- This IS expected if you are initializing DistilBertModel from the checkpoint of a model trained on another task or with another architecture (e.g. initializing a BertForSequenceClassification model from a BertForPreTraining model).
- This IS NOT expected if you are initializing DistilBertModel from the checkpoint of a model that you expect to be exactly identical (initializing a BertForSequenceClassification model from a BertForSequenceClassification model).
