Trial 40 selected as candidate














[I 2021-05-19 09:27:56,164] Trial 0 finished with values: [0.982421875, 0.9746491708616083] with parameters: {'intent_hidden_size': 344, 'idropout1': 0.33837364775960094, 'idropout2': 0.4975339557906531, 'sdropout': 0.36984822609195933}.
Some weights of the model checkpoint at distilbert-base-multilingual-cased were not used when initializing DistilBertModel: ['vocab_projector.weight', 'vocab_layer_norm.bias', 'vocab_transform.weight', 'vocab_transform.bias', 'vocab_layer_norm.weight', 'vocab_projector.bias']
- This IS expected if you are initializing DistilBertModel from the checkpoint of a model trained on another task or with another architecture (e.g. initializing a BertForSequenceClassification model from a BertForPreTraining model).
- This IS NOT expected if you are initializing DistilBertModel from the checkpoint of a model that you expect to be exactly identical (initializing a BertForSequenceClassification model from a BertForSequenceClassification model).
[I 2021-05-19 09:32:27,323] Trial 1 finished with values: [0.984375, 0.9675236588412603] with parameters: {'intent_hidden_size': 129, 'idropout1': 0.3667119151892074, 'idropout2': 0.46747456229554296, 'sdropout': 0.43597479948238016}.
Some weights of the model checkpoint at distilbert-base-multilingual-cased were not used when initializing DistilBertModel: ['vocab_projector.weight', 'vocab_layer_norm.bias', 'vocab_transform.weight', 'vocab_transform.bias', 'vocab_layer_norm.weight', 'vocab_projector.bias']
- This IS expected if you are initializing DistilBertModel from the checkpoint of a model trained on another task or with another architecture (e.g. initializing a BertForSequenceClassification model from a BertForPreTraining model).
- This IS NOT expected if you are initializing DistilBertModel from the checkpoint of a model that you expect to be exactly identical (initializing a BertForSequenceClassification model from a BertForSequenceClassification model).
[I 2021-05-19 09:36:58,807] Trial 2 finished with values: [0.982421875, 0.9687946054915025] with parameters: {'intent_hidden_size': 190, 'idropout1': 0.21978674499100453, 'idropout2': 0.4532287926826647, 'sdropout': 0.3027396663424881}.
Some weights of the model checkpoint at distilbert-base-multilingual-cased were not used when initializing DistilBertModel: ['vocab_projector.weight', 'vocab_layer_norm.bias', 'vocab_transform.weight', 'vocab_transform.bias', 'vocab_layer_norm.weight', 'vocab_projector.bias']
- This IS expected if you are initializing DistilBertModel from the checkpoint of a model trained on another task or with another architecture (e.g. initializing a BertForSequenceClassification model from a BertForPreTraining model).
- This IS NOT expected if you are initializing DistilBertModel from the checkpoint of a model that you expect to be exactly identical (initializing a BertForSequenceClassification model from a BertForSequenceClassification model).
[I 2021-05-19 09:41:30,591] Trial 3 finished with values: [0.982421875, 0.9709971399480763] with parameters: {'intent_hidden_size': 364, 'idropout1': 0.41565098891987085, 'idropout2': 0.27062346389984043, 'sdropout': 0.22418272045808837}.
Some weights of the model checkpoint at distilbert-base-multilingual-cased were not used when initializing DistilBertModel: ['vocab_projector.weight', 'vocab_layer_norm.bias', 'vocab_transform.weight', 'vocab_transform.bias', 'vocab_layer_norm.weight', 'vocab_projector.bias']
- This IS expected if you are initializing DistilBertModel from the checkpoint of a model trained on another task or with another architecture (e.g. initializing a BertForSequenceClassification model from a BertForPreTraining model).
- This IS NOT expected if you are initializing DistilBertModel from the checkpoint of a model that you expect to be exactly identical (initializing a BertForSequenceClassification model from a BertForSequenceClassification model).
[I 2021-05-19 09:46:02,679] Trial 4 finished with values: [0.9716331958770752, 0.9738567094701055] with parameters: {'intent_hidden_size': 350, 'idropout1': 0.29024372139537996, 'idropout2': 0.3940389735469586, 'sdropout': 0.30482086962986304}.
Some weights of the model checkpoint at distilbert-base-multilingual-cased were not used when initializing DistilBertModel: ['vocab_projector.weight', 'vocab_layer_norm.bias', 'vocab_transform.weight', 'vocab_transform.bias', 'vocab_layer_norm.weight', 'vocab_projector.bias']
- This IS expected if you are initializing DistilBertModel from the checkpoint of a model trained on another task or with another architecture (e.g. initializing a BertForSequenceClassification model from a BertForPreTraining model).
- This IS NOT expected if you are initializing DistilBertModel from the checkpoint of a model that you expect to be exactly identical (initializing a BertForSequenceClassification model from a BertForSequenceClassification model).
[I 2021-05-19 09:50:34,501] Trial 5 finished with values: [0.982421875, 0.9708985509176629] with parameters: {'intent_hidden_size': 111, 'idropout1': 0.20330916718128766, 'idropout2': 0.2789595982299376, 'sdropout': 0.36643764248116567}.
Some weights of the model checkpoint at distilbert-base-multilingual-cased were not used when initializing DistilBertModel: ['vocab_projector.weight', 'vocab_layer_norm.bias', 'vocab_transform.weight', 'vocab_transform.bias', 'vocab_layer_norm.weight', 'vocab_projector.bias']
- This IS expected if you are initializing DistilBertModel from the checkpoint of a model trained on another task or with another architecture (e.g. initializing a BertForSequenceClassification model from a BertForPreTraining model).
- This IS NOT expected if you are initializing DistilBertModel from the checkpoint of a model that you expect to be exactly identical (initializing a BertForSequenceClassification model from a BertForSequenceClassification model).
[I 2021-05-19 09:55:06,410] Trial 6 finished with values: [0.98046875, 0.9709808591893233] with parameters: {'intent_hidden_size': 75, 'idropout1': 0.3797585167047223, 'idropout2': 0.44605226701680556, 'sdropout': 0.2398317265988222}.
Some weights of the model checkpoint at distilbert-base-multilingual-cased were not used when initializing DistilBertModel: ['vocab_projector.weight', 'vocab_layer_norm.bias', 'vocab_transform.weight', 'vocab_transform.bias', 'vocab_layer_norm.weight', 'vocab_projector.bias']
- This IS expected if you are initializing DistilBertModel from the checkpoint of a model trained on another task or with another architecture (e.g. initializing a BertForSequenceClassification model from a BertForPreTraining model).
- This IS NOT expected if you are initializing DistilBertModel from the checkpoint of a model that you expect to be exactly identical (initializing a BertForSequenceClassification model from a BertForSequenceClassification model).
[I 2021-05-19 09:59:38,730] Trial 7 finished with values: [0.9735863208770752, 0.9723939278867626] with parameters: {'intent_hidden_size': 326, 'idropout1': 0.44954650231876325, 'idropout2': 0.4417663747185915, 'sdropout': 0.35587843891794574}.
Some weights of the model checkpoint at distilbert-base-multilingual-cased were not used when initializing DistilBertModel: ['vocab_projector.weight', 'vocab_layer_norm.bias', 'vocab_transform.weight', 'vocab_transform.bias', 'vocab_layer_norm.weight', 'vocab_projector.bias']
- This IS expected if you are initializing DistilBertModel from the checkpoint of a model trained on another task or with another architecture (e.g. initializing a BertForSequenceClassification model from a BertForPreTraining model).
- This IS NOT expected if you are initializing DistilBertModel from the checkpoint of a model that you expect to be exactly identical (initializing a BertForSequenceClassification model from a BertForSequenceClassification model).
[I 2021-05-19 10:04:11,067] Trial 8 finished with values: [0.98046875, 0.9738830790947783] with parameters: {'intent_hidden_size': 130, 'idropout1': 0.20020254304685525, 'idropout2': 0.40489160478954045, 'sdropout': 0.2450549224014914}.
Some weights of the model checkpoint at distilbert-base-multilingual-cased were not used when initializing DistilBertModel: ['vocab_projector.weight', 'vocab_layer_norm.bias', 'vocab_transform.weight', 'vocab_transform.bias', 'vocab_layer_norm.weight', 'vocab_projector.bias']
- This IS expected if you are initializing DistilBertModel from the checkpoint of a model trained on another task or with another architecture (e.g. initializing a BertForSequenceClassification model from a BertForPreTraining model).
- This IS NOT expected if you are initializing DistilBertModel from the checkpoint of a model that you expect to be exactly identical (initializing a BertForSequenceClassification model from a BertForSequenceClassification model).
[I 2021-05-19 10:08:43,627] Trial 9 finished with values: [0.98046875, 0.9684197830125709] with parameters: {'intent_hidden_size': 182, 'idropout1': 0.45307109502425497, 'idropout2': 0.4059623087288463, 'sdropout': 0.46418706647156494}.
Some weights of the model checkpoint at distilbert-base-multilingual-cased were not used when initializing DistilBertModel: ['vocab_projector.weight', 'vocab_layer_norm.bias', 'vocab_transform.weight', 'vocab_transform.bias', 'vocab_layer_norm.weight', 'vocab_projector.bias']
- This IS expected if you are initializing DistilBertModel from the checkpoint of a model trained on another task or with another architecture (e.g. initializing a BertForSequenceClassification model from a BertForPreTraining model).
- This IS NOT expected if you are initializing DistilBertModel from the checkpoint of a model that you expect to be exactly identical (initializing a BertForSequenceClassification model from a BertForSequenceClassification model).
[I 2021-05-19 10:13:16,119] Trial 10 finished with values: [0.984375, 0.9708961442272257] with parameters: {'intent_hidden_size': 72, 'idropout1': 0.2449591887049064, 'idropout2': 0.2359514139380862, 'sdropout': 0.26592642445881426}.
Some weights of the model checkpoint at distilbert-base-multilingual-cased were not used when initializing DistilBertModel: ['vocab_projector.weight', 'vocab_layer_norm.bias', 'vocab_transform.weight', 'vocab_transform.bias', 'vocab_layer_norm.weight', 'vocab_projector.bias']
- This IS expected if you are initializing DistilBertModel from the checkpoint of a model trained on another task or with another architecture (e.g. initializing a BertForSequenceClassification model from a BertForPreTraining model).
- This IS NOT expected if you are initializing DistilBertModel from the checkpoint of a model that you expect to be exactly identical (initializing a BertForSequenceClassification model from a BertForSequenceClassification model).
[I 2021-05-19 10:17:49,104] Trial 11 finished with values: [0.9755394458770752, 0.970001627902879] with parameters: {'intent_hidden_size': 100, 'idropout1': 0.25699073241203874, 'idropout2': 0.3841022483689003, 'sdropout': 0.4229911425613645}.
Some weights of the model checkpoint at distilbert-base-multilingual-cased were not used when initializing DistilBertModel: ['vocab_projector.weight', 'vocab_layer_norm.bias', 'vocab_transform.weight', 'vocab_transform.bias', 'vocab_layer_norm.weight', 'vocab_projector.bias']
- This IS expected if you are initializing DistilBertModel from the checkpoint of a model trained on another task or with another architecture (e.g. initializing a BertForSequenceClassification model from a BertForPreTraining model).
- This IS NOT expected if you are initializing DistilBertModel from the checkpoint of a model that you expect to be exactly identical (initializing a BertForSequenceClassification model from a BertForSequenceClassification model).
[I 2021-05-19 10:22:22,145] Trial 12 finished with values: [0.984375, 0.9738717406822408] with parameters: {'intent_hidden_size': 127, 'idropout1': 0.47195908381666785, 'idropout2': 0.3936126152129209, 'sdropout': 0.3188662508752731}.
Some weights of the model checkpoint at distilbert-base-multilingual-cased were not used when initializing DistilBertModel: ['vocab_projector.weight', 'vocab_layer_norm.bias', 'vocab_transform.weight', 'vocab_transform.bias', 'vocab_layer_norm.weight', 'vocab_projector.bias']
- This IS expected if you are initializing DistilBertModel from the checkpoint of a model trained on another task or with another architecture (e.g. initializing a BertForSequenceClassification model from a BertForPreTraining model).
- This IS NOT expected if you are initializing DistilBertModel from the checkpoint of a model that you expect to be exactly identical (initializing a BertForSequenceClassification model from a BertForSequenceClassification model).
[I 2021-05-19 10:26:55,260] Trial 13 finished with values: [0.982421875, 0.9742699550727834] with parameters: {'intent_hidden_size': 410, 'idropout1': 0.27804574771389456, 'idropout2': 0.4775640108828607, 'sdropout': 0.3521635159092499}.
Some weights of the model checkpoint at distilbert-base-multilingual-cased were not used when initializing DistilBertModel: ['vocab_projector.weight', 'vocab_layer_norm.bias', 'vocab_transform.weight', 'vocab_transform.bias', 'vocab_layer_norm.weight', 'vocab_projector.bias']
- This IS expected if you are initializing DistilBertModel from the checkpoint of a model trained on another task or with another architecture (e.g. initializing a BertForSequenceClassification model from a BertForPreTraining model).
- This IS NOT expected if you are initializing DistilBertModel from the checkpoint of a model that you expect to be exactly identical (initializing a BertForSequenceClassification model from a BertForSequenceClassification model).
[I 2021-05-19 10:31:29,019] Trial 14 finished with values: [0.98046875, 0.9704787062508673] with parameters: {'intent_hidden_size': 472, 'idropout1': 0.29648834335044855, 'idropout2': 0.38474660369861646, 'sdropout': 0.4898244241377061}.
Some weights of the model checkpoint at distilbert-base-multilingual-cased were not used when initializing DistilBertModel: ['vocab_projector.weight', 'vocab_layer_norm.bias', 'vocab_transform.weight', 'vocab_transform.bias', 'vocab_layer_norm.weight', 'vocab_projector.bias']
- This IS expected if you are initializing DistilBertModel from the checkpoint of a model trained on another task or with another architecture (e.g. initializing a BertForSequenceClassification model from a BertForPreTraining model).
- This IS NOT expected if you are initializing DistilBertModel from the checkpoint of a model that you expect to be exactly identical (initializing a BertForSequenceClassification model from a BertForSequenceClassification model).
[I 2021-05-19 10:36:02,771] Trial 15 finished with values: [0.98046875, 0.974268176987497] with parameters: {'intent_hidden_size': 252, 'idropout1': 0.47806200921028774, 'idropout2': 0.4538206783871519, 'sdropout': 0.22883344209546264}.
Some weights of the model checkpoint at distilbert-base-multilingual-cased were not used when initializing DistilBertModel: ['vocab_projector.weight', 'vocab_layer_norm.bias', 'vocab_transform.weight', 'vocab_transform.bias', 'vocab_layer_norm.weight', 'vocab_projector.bias']
- This IS expected if you are initializing DistilBertModel from the checkpoint of a model trained on another task or with another architecture (e.g. initializing a BertForSequenceClassification model from a BertForPreTraining model).
- This IS NOT expected if you are initializing DistilBertModel from the checkpoint of a model that you expect to be exactly identical (initializing a BertForSequenceClassification model from a BertForSequenceClassification model).
[I 2021-05-19 10:40:36,579] Trial 16 finished with values: [0.984375, 0.9740095619904596] with parameters: {'intent_hidden_size': 312, 'idropout1': 0.27890811957402123, 'idropout2': 0.21468543585931696, 'sdropout': 0.31100642840060055}.
Some weights of the model checkpoint at distilbert-base-multilingual-cased were not used when initializing DistilBertModel: ['vocab_projector.weight', 'vocab_layer_norm.bias', 'vocab_transform.weight', 'vocab_transform.bias', 'vocab_layer_norm.weight', 'vocab_projector.bias']
- This IS expected if you are initializing DistilBertModel from the checkpoint of a model trained on another task or with another architecture (e.g. initializing a BertForSequenceClassification model from a BertForPreTraining model).
- This IS NOT expected if you are initializing DistilBertModel from the checkpoint of a model that you expect to be exactly identical (initializing a BertForSequenceClassification model from a BertForSequenceClassification model).
[I 2021-05-19 10:45:10,578] Trial 17 finished with values: [0.98046875, 0.9741674115383752] with parameters: {'intent_hidden_size': 508, 'idropout1': 0.244376924171447, 'idropout2': 0.37883671610309905, 'sdropout': 0.40587917353796105}.
Some weights of the model checkpoint at distilbert-base-multilingual-cased were not used when initializing DistilBertModel: ['vocab_projector.weight', 'vocab_layer_norm.bias', 'vocab_transform.weight', 'vocab_transform.bias', 'vocab_layer_norm.weight', 'vocab_projector.bias']
- This IS expected if you are initializing DistilBertModel from the checkpoint of a model trained on another task or with another architecture (e.g. initializing a BertForSequenceClassification model from a BertForPreTraining model).
- This IS NOT expected if you are initializing DistilBertModel from the checkpoint of a model that you expect to be exactly identical (initializing a BertForSequenceClassification model from a BertForSequenceClassification model).
[I 2021-05-19 10:49:44,322] Trial 18 finished with values: [0.984375, 0.9724871717430996] with parameters: {'intent_hidden_size': 283, 'idropout1': 0.26776679841886164, 'idropout2': 0.21055251080480647, 'sdropout': 0.2295297530112947}.
Some weights of the model checkpoint at distilbert-base-multilingual-cased were not used when initializing DistilBertModel: ['vocab_projector.weight', 'vocab_layer_norm.bias', 'vocab_transform.weight', 'vocab_transform.bias', 'vocab_layer_norm.weight', 'vocab_projector.bias']
- This IS expected if you are initializing DistilBertModel from the checkpoint of a model trained on another task or with another architecture (e.g. initializing a BertForSequenceClassification model from a BertForPreTraining model).
- This IS NOT expected if you are initializing DistilBertModel from the checkpoint of a model that you expect to be exactly identical (initializing a BertForSequenceClassification model from a BertForSequenceClassification model).
[I 2021-05-19 10:54:17,566] Trial 19 finished with values: [0.986328125, 0.9718292472697487] with parameters: {'intent_hidden_size': 289, 'idropout1': 0.4398600206641551, 'idropout2': 0.4564195218293574, 'sdropout': 0.45469683133057687}.
Some weights of the model checkpoint at distilbert-base-multilingual-cased were not used when initializing DistilBertModel: ['vocab_projector.weight', 'vocab_layer_norm.bias', 'vocab_transform.weight', 'vocab_transform.bias', 'vocab_layer_norm.weight', 'vocab_projector.bias']
- This IS expected if you are initializing DistilBertModel from the checkpoint of a model trained on another task or with another architecture (e.g. initializing a BertForSequenceClassification model from a BertForPreTraining model).
- This IS NOT expected if you are initializing DistilBertModel from the checkpoint of a model that you expect to be exactly identical (initializing a BertForSequenceClassification model from a BertForSequenceClassification model).
[I 2021-05-19 10:58:50,610] Trial 20 finished with values: [0.982421875, 0.9723996565581591] with parameters: {'intent_hidden_size': 160, 'idropout1': 0.36283579303178104, 'idropout2': 0.26048197492371816, 'sdropout': 0.23321021277764262}.
Some weights of the model checkpoint at distilbert-base-multilingual-cased were not used when initializing DistilBertModel: ['vocab_projector.weight', 'vocab_layer_norm.bias', 'vocab_transform.weight', 'vocab_transform.bias', 'vocab_layer_norm.weight', 'vocab_projector.bias']
- This IS expected if you are initializing DistilBertModel from the checkpoint of a model trained on another task or with another architecture (e.g. initializing a BertForSequenceClassification model from a BertForPreTraining model).
- This IS NOT expected if you are initializing DistilBertModel from the checkpoint of a model that you expect to be exactly identical (initializing a BertForSequenceClassification model from a BertForSequenceClassification model).
[I 2021-05-19 11:03:23,958] Trial 21 finished with values: [0.98046875, 0.9724798948483493] with parameters: {'intent_hidden_size': 285, 'idropout1': 0.22311221336983617, 'idropout2': 0.27811687211308317, 'sdropout': 0.40894948282589966}.
Some weights of the model checkpoint at distilbert-base-multilingual-cased were not used when initializing DistilBertModel: ['vocab_projector.weight', 'vocab_layer_norm.bias', 'vocab_transform.weight', 'vocab_transform.bias', 'vocab_layer_norm.weight', 'vocab_projector.bias']
- This IS expected if you are initializing DistilBertModel from the checkpoint of a model trained on another task or with another architecture (e.g. initializing a BertForSequenceClassification model from a BertForPreTraining model).
- This IS NOT expected if you are initializing DistilBertModel from the checkpoint of a model that you expect to be exactly identical (initializing a BertForSequenceClassification model from a BertForSequenceClassification model).
